Unity Editor version:    2021.3.28f1 (232e59c3f087)
Branch:                  2021.3/release
Build type:              Release
Batch mode:              YES
macOS version:           Version 12.6.6 (Build 21G646)
Darwin version:          21.6.0
Architecture:            x86_64
Running under Rosetta:   NO
Available memory:        8192 MB
Using pre-set license
Pro License: YES

COMMAND LINE ARGUMENTS:
/Applications/2021.3.28f1/Unity.app/Contents/MacOS/Unity
-adb2
-batchMode
-noUpm
-name
AssetImportWorker0
-projectPath
/Users/Redouane/EIP/MusketeersBreakout/moves/Jeu
-logFile
Logs/AssetImportWorker0.log
-srvPort
49519
Successfully changed project path to: /Users/Redouane/EIP/MusketeersBreakout/moves/Jeu
/Users/Redouane/EIP/MusketeersBreakout/moves/Jeu
[UnityMemory] Configuration Parameters - Can be set up in boot.config
    "memorysetup-bucket-allocator-granularity=16"
    "memorysetup-bucket-allocator-bucket-count=8"
    "memorysetup-bucket-allocator-block-size=33554432"
    "memorysetup-bucket-allocator-block-count=8"
    "memorysetup-main-allocator-block-size=16777216"
    "memorysetup-thread-allocator-block-size=16777216"
    "memorysetup-gfx-main-allocator-block-size=16777216"
    "memorysetup-gfx-thread-allocator-block-size=16777216"
    "memorysetup-cache-allocator-block-size=4194304"
    "memorysetup-typetree-allocator-block-size=2097152"
    "memorysetup-profiler-bucket-allocator-granularity=16"
    "memorysetup-profiler-bucket-allocator-bucket-count=8"
    "memorysetup-profiler-bucket-allocator-block-size=33554432"
    "memorysetup-profiler-bucket-allocator-block-count=8"
    "memorysetup-profiler-allocator-block-size=16777216"
    "memorysetup-profiler-editor-allocator-block-size=1048576"
    "memorysetup-temp-allocator-size-main=16777216"
    "memorysetup-job-temp-allocator-block-size=2097152"
    "memorysetup-job-temp-allocator-block-size-background=1048576"
    "memorysetup-job-temp-allocator-reduction-small-platforms=262144"
    "memorysetup-temp-allocator-size-background-worker=32768"
    "memorysetup-temp-allocator-size-job-worker=262144"
    "memorysetup-temp-allocator-size-preload-manager=33554432"
    "memorysetup-temp-allocator-size-nav-mesh-worker=65536"
    "memorysetup-temp-allocator-size-audio-worker=65536"
    "memorysetup-temp-allocator-size-cloud-worker=32768"
    "memorysetup-temp-allocator-size-gi-baking-worker=262144"
    "memorysetup-temp-allocator-size-gfx=262144"
Player connection [4770817536] Host "[IP] 192.168.0.83 [Port] 0 [Flags] 2 [Guid] 1585673422 [EditorId] 1585673422 [Version] 1048832 [Id] OSXEditor(0,MacBook-Pro-de-Redouane.local) [Debug] 1 [PackageName] OSXEditor [ProjectName] Editor" joined multi-casting on [225.0.0.222:54997]...

Player connection [4770817536] Host "[IP] 192.168.0.83 [Port] 0 [Flags] 2 [Guid] 1585673422 [EditorId] 1585673422 [Version] 1048832 [Id] OSXEditor(0,MacBook-Pro-de-Redouane.local) [Debug] 1 [PackageName] OSXEditor [ProjectName] Editor" joined alternative multi-casting on [225.0.0.222:34997]...

Refreshing native plugins compatible for Editor in 108.45 ms, found 2 plugins.
Preloading 0 native plugins for Editor in 0.00 ms.
Initialize engine version: 2021.3.28f1 (232e59c3f087)
[Subsystems] Discovering subsystems at path /Applications/2021.3.28f1/Unity.app/Contents/Resources/UnitySubsystems
[Subsystems] Discovering subsystems at path /Users/Redouane/EIP/MusketeersBreakout/moves/Jeu/Assets
GfxDevice: creating device client; threaded=0; jobified=0
Color LCD preferred device: Intel(R) Iris(TM) Graphics 6100 (low power)
Metal devices available: 1
0: Intel(R) Iris(TM) Graphics 6100 (low power)
Using device Intel(R) Iris(TM) Graphics 6100 (low power)
Initializing Metal device caps: Intel(R) Iris(TM) Graphics 6100
Initialize mono
Mono path[0] = '/Applications/2021.3.28f1/Unity.app/Contents/Managed'
Mono path[1] = '/Applications/2021.3.28f1/Unity.app/Contents/MonoBleedingEdge/lib/mono/unityjit-macos'
Mono config path = '/Applications/2021.3.28f1/Unity.app/Contents/MonoBleedingEdge/etc'
Using monoOptions --debugger-agent=transport=dt_socket,embedding=1,server=y,suspend=n,address=127.0.0.1:56044
Begin MonoManager ReloadAssembly
Registering precompiled unity dll's ...
Register platform support module: /Applications/2021.3.28f1/Unity.app/Contents/PlaybackEngines/MacStandaloneSupport/UnityEditor.OSXStandalone.Extensions.dll
Registered in 0.001716 seconds.
Native extension for OSXStandalone target not found
Refreshing native plugins compatible for Editor in 93.22 ms, found 2 plugins.
Preloading 0 native plugins for Editor in 0.00 ms.
Mono: successfully reloaded assembly
- Completed reload, in  1.134 seconds
Domain Reload Profiling:
	ReloadAssembly (1135ms)
		BeginReloadAssembly (165ms)
			ExecutionOrderSort (0ms)
			DisableScriptedObjects (0ms)
			BackupInstance (0ms)
			ReleaseScriptingObjects (0ms)
			CreateAndSetChildDomain (2ms)
		EndReloadAssembly (807ms)
			LoadAssemblies (166ms)
			RebuildTransferFunctionScriptingTraits (0ms)
			SetupTypeCache (200ms)
			ReleaseScriptCaches (0ms)
			RebuildScriptCaches (53ms)
			SetupLoadedEditorAssemblies (447ms)
				LogAssemblyErrors (0ms)
				InitializePlatformSupportModulesInManaged (9ms)
				SetLoadedEditorAssemblies (0ms)
				RefreshPlugins (93ms)
				BeforeProcessingInitializeOnLoad (2ms)
				ProcessInitializeOnLoadAttributes (261ms)
				ProcessInitializeOnLoadMethodAttributes (80ms)
				AfterProcessingInitializeOnLoad (0ms)
				EditorAssembliesLoaded (0ms)
			ExecutionOrderSort2 (0ms)
			AwakeInstancesAfterBackupRestoration (0ms)
Platform modules already initialized, skipping
Registering precompiled user dll's ...
Registered in 0.002235 seconds.
Begin MonoManager ReloadAssembly
Symbol file LoadedFromMemory doesn't match image /Users/Redouane/EIP/MusketeersBreakout/moves/Jeu/Library/PackageCache/com.unity.visualscripting@1.8.0/Editor/VisualScripting.Core/Dependencies/YamlDotNet/Unity.VisualScripting.YamlDotNet.dll
Symbol file LoadedFromMemory doesn't match image /Users/Redouane/EIP/MusketeersBreakout/moves/Jeu/Library/PackageCache/com.unity.visualscripting@1.8.0/Editor/VisualScripting.Core/Dependencies/DotNetZip/Unity.VisualScripting.IonicZip.dll
Native extension for OSXStandalone target not found
Refreshing native plugins compatible for Editor in 0.50 ms, found 2 plugins.
Preloading 0 native plugins for Editor in 0.00 ms.
Mono: successfully reloaded assembly
- Completed reload, in  1.688 seconds
Domain Reload Profiling:
	ReloadAssembly (1689ms)
		BeginReloadAssembly (203ms)
			ExecutionOrderSort (0ms)
			DisableScriptedObjects (10ms)
			BackupInstance (0ms)
			ReleaseScriptingObjects (0ms)
			CreateAndSetChildDomain (55ms)
		EndReloadAssembly (1274ms)
			LoadAssemblies (142ms)
			RebuildTransferFunctionScriptingTraits (0ms)
			SetupTypeCache (447ms)
			ReleaseScriptCaches (1ms)
			RebuildScriptCaches (88ms)
			SetupLoadedEditorAssemblies (532ms)
				LogAssemblyErrors (0ms)
				InitializePlatformSupportModulesInManaged (6ms)
				SetLoadedEditorAssemblies (1ms)
				RefreshPlugins (1ms)
				BeforeProcessingInitializeOnLoad (94ms)
				ProcessInitializeOnLoadAttributes (395ms)
				ProcessInitializeOnLoadMethodAttributes (34ms)
				AfterProcessingInitializeOnLoad (1ms)
				EditorAssembliesLoaded (0ms)
			ExecutionOrderSort2 (0ms)
			AwakeInstancesAfterBackupRestoration (7ms)
Platform modules already initialized, skipping
========================================================================
Worker process is ready to serve import requests
Launching external process: /Applications/2021.3.28f1/Unity.app/Contents/Tools/UnityShaderCompiler
Launched and connected shader compiler UnityShaderCompiler after 0.09 seconds
Refreshing native plugins compatible for Editor in 0.51 ms, found 2 plugins.
Preloading 0 native plugins for Editor in 0.00 ms.
Unloading 2929 Unused Serialized files (Serialized files now loaded: 0)
Unloading 21 unused Assets / (40.1 KB). Loaded Objects now: 3406.
Memory consumption went from 110.0 MB to 109.9 MB.
Total: 3.967233 ms (FindLiveObjects: 0.291169 ms CreateObjectMapping: 0.170816 ms MarkObjects: 3.384080 ms  DeleteObjects: 0.119582 ms)

AssetImportParameters requested are different than current active one (requested -> active):
  custom:video-decoder-ogg-theora: a1e56fd34408186e4bbccfd4996cb3dc -> 
  custom:container-muxer-webm: aa71ff27fc2769a1b78a27578f13a17b -> 
  custom:container-demuxer-webm: 4f35f7cbe854078d1ac9338744f61a02 -> 
  custom:video-encoder-webm-vp8: eb34c28f22e8b96e1ab97ce403110664 -> 
  custom:framework-osx-AVFoundation: e770b220cccbd017edd2c1fefb359320 -> 
  custom:CustomObjectIndexerAttribute: bc11b3a6c3213fcdd17b65e7da85e133 -> 
  custom:audio-encoder-webm-vorbis: bf7c407c2cedff20999df2af8eb42d56 -> 
  custom:container-demuxer-ogg: 62fdf1f143b41e24485cea50d1cbac27 -> 
  custom:video-decoder-webm-vp8: 9c59270c3fd7afecdb556c50c9e8de78 -> 
  custom:audio-decoder-ogg-vorbis: bf7c407c2cedff20999df2af8eb42d56 -> 
========================================================================
Received Import Request.
  Time since last request: 1846.397361 seconds.
  path: Assets/Bullet.prefab
  artifactKey: Guid(ac1e8113cfb984757a078f3596ce4212) Importer(815301076,1909f56bfc062723c751e8b465ee728b)
Start importing Assets/Bullet.prefab using Guid(ac1e8113cfb984757a078f3596ce4212) Importer(815301076,1909f56bfc062723c751e8b465ee728b)  -> (artifact id: 'ae98bf731672fc45b060baee44f3d5ea') in 1.412816 seconds 
========================================================================
Received Import Request.
  Time since last request: 0.000284 seconds.
  path: Assets/Enemy.prefab
  artifactKey: Guid(dc45c345237c64dcfacf539d7721f241) Importer(815301076,1909f56bfc062723c751e8b465ee728b)
Start importing Assets/Enemy.prefab using Guid(dc45c345237c64dcfacf539d7721f241) Importer(815301076,1909f56bfc062723c751e8b465ee728b)  -> (artifact id: 'de31b0e930a36cef4d2c6481339d4e20') in 0.024244 seconds 
========================================================================
Received Import Request.
  Time since last request: 157.502685 seconds.
  path: Assets/New Terrain 1.asset
  artifactKey: Guid(934a63641f56e4267add3316e6303a46) Importer(815301076,1909f56bfc062723c751e8b465ee728b)
Start importing Assets/New Terrain 1.asset using Guid(934a63641f56e4267add3316e6303a46) Importer(815301076,1909f56bfc062723c751e8b465ee728b)  -> (artifact id: '80a90aaf91da2b410011d16a222bf51a') in 0.154784 seconds 
========================================================================
Received Prepare
Registering precompiled user dll's ...
Registered in 0.001807 seconds.
Begin MonoManager ReloadAssembly
Symbol file LoadedFromMemory doesn't match image /Users/Redouane/EIP/MusketeersBreakout/moves/Jeu/Library/PackageCache/com.unity.visualscripting@1.8.0/Editor/VisualScripting.Core/Dependencies/YamlDotNet/Unity.VisualScripting.YamlDotNet.dll
Symbol file LoadedFromMemory doesn't match image /Users/Redouane/EIP/MusketeersBreakout/moves/Jeu/Library/PackageCache/com.unity.visualscripting@1.8.0/Editor/VisualScripting.Core/Dependencies/DotNetZip/Unity.VisualScripting.IonicZip.dll
Native extension for OSXStandalone target not found
Refreshing native plugins compatible for Editor in 1.47 ms, found 2 plugins.
Preloading 0 native plugins for Editor in 0.00 ms.
Mono: successfully reloaded assembly
- Completed reload, in  1.666 seconds
Domain Reload Profiling:
	ReloadAssembly (1667ms)
		BeginReloadAssembly (239ms)
			ExecutionOrderSort (0ms)
			DisableScriptedObjects (8ms)
			BackupInstance (0ms)
			ReleaseScriptingObjects (0ms)
			CreateAndSetChildDomain (92ms)
		EndReloadAssembly (1271ms)
			LoadAssemblies (117ms)
			RebuildTransferFunctionScriptingTraits (1ms)
			SetupTypeCache (484ms)
			ReleaseScriptCaches (1ms)
			RebuildScriptCaches (74ms)
			SetupLoadedEditorAssemblies (530ms)
				LogAssemblyErrors (0ms)
				InitializePlatformSupportModulesInManaged (8ms)
				SetLoadedEditorAssemblies (2ms)
				RefreshPlugins (2ms)
				BeforeProcessingInitializeOnLoad (137ms)
				ProcessInitializeOnLoadAttributes (344ms)
				ProcessInitializeOnLoadMethodAttributes (36ms)
				AfterProcessingInitializeOnLoad (2ms)
				EditorAssembliesLoaded (0ms)
			ExecutionOrderSort2 (0ms)
			AwakeInstancesAfterBackupRestoration (7ms)
Platform modules already initialized, skipping
Refreshing native plugins compatible for Editor in 1.28 ms, found 2 plugins.
Preloading 0 native plugins for Editor in 0.00 ms.
Unloading 2923 Unused Serialized files (Serialized files now loaded: 0)
Unloading 14 unused Assets / (22.0 KB). Loaded Objects now: 3420.
Memory consumption went from 120.3 MB to 120.3 MB.
Total: 3.703820 ms (FindLiveObjects: 0.264928 ms CreateObjectMapping: 0.110646 ms MarkObjects: 3.300395 ms  DeleteObjects: 0.026490 ms)

AssetImportParameters requested are different than current active one (requested -> active):
  custom:video-decoder-ogg-theora: a1e56fd34408186e4bbccfd4996cb3dc -> 
  custom:container-muxer-webm: aa71ff27fc2769a1b78a27578f13a17b -> 
  custom:container-demuxer-webm: 4f35f7cbe854078d1ac9338744f61a02 -> 
  custom:video-encoder-webm-vp8: eb34c28f22e8b96e1ab97ce403110664 -> 
  custom:framework-osx-AVFoundation: e770b220cccbd017edd2c1fefb359320 -> 
  custom:CustomObjectIndexerAttribute: bc11b3a6c3213fcdd17b65e7da85e133 -> 
  custom:audio-encoder-webm-vorbis: bf7c407c2cedff20999df2af8eb42d56 -> 
  custom:container-demuxer-ogg: 62fdf1f143b41e24485cea50d1cbac27 -> 
  custom:video-decoder-webm-vp8: 9c59270c3fd7afecdb556c50c9e8de78 -> 
  custom:audio-decoder-ogg-vorbis: bf7c407c2cedff20999df2af8eb42d56 -> 
========================================================================
Received Prepare
Registering precompiled user dll's ...
Registered in 0.001987 seconds.
Begin MonoManager ReloadAssembly
Symbol file LoadedFromMemory doesn't match image /Users/Redouane/EIP/MusketeersBreakout/moves/Jeu/Library/PackageCache/com.unity.visualscripting@1.8.0/Editor/VisualScripting.Core/Dependencies/YamlDotNet/Unity.VisualScripting.YamlDotNet.dll
Symbol file LoadedFromMemory doesn't match image /Users/Redouane/EIP/MusketeersBreakout/moves/Jeu/Library/PackageCache/com.unity.visualscripting@1.8.0/Editor/VisualScripting.Core/Dependencies/DotNetZip/Unity.VisualScripting.IonicZip.dll
Native extension for OSXStandalone target not found
Refreshing native plugins compatible for Editor in 0.49 ms, found 2 plugins.
Preloading 0 native plugins for Editor in 0.00 ms.
Mono: successfully reloaded assembly
- Completed reload, in  1.533 seconds
Domain Reload Profiling:
	ReloadAssembly (1534ms)
		BeginReloadAssembly (209ms)
			ExecutionOrderSort (0ms)
			DisableScriptedObjects (9ms)
			BackupInstance (0ms)
			ReleaseScriptingObjects (0ms)
			CreateAndSetChildDomain (76ms)
		EndReloadAssembly (1179ms)
			LoadAssemblies (113ms)
			RebuildTransferFunctionScriptingTraits (0ms)
			SetupTypeCache (418ms)
			ReleaseScriptCaches (1ms)
			RebuildScriptCaches (76ms)
			SetupLoadedEditorAssemblies (520ms)
				LogAssemblyErrors (0ms)
				InitializePlatformSupportModulesInManaged (5ms)
				SetLoadedEditorAssemblies (1ms)
				RefreshPlugins (1ms)
				BeforeProcessingInitializeOnLoad (71ms)
				ProcessInitializeOnLoadAttributes (412ms)
				ProcessInitializeOnLoadMethodAttributes (29ms)
				AfterProcessingInitializeOnLoad (1ms)
				EditorAssembliesLoaded (0ms)
			ExecutionOrderSort2 (0ms)
			AwakeInstancesAfterBackupRestoration (6ms)
Platform modules already initialized, skipping
Refreshing native plugins compatible for Editor in 4.79 ms, found 2 plugins.
Preloading 0 native plugins for Editor in 0.00 ms.
Unloading 2923 Unused Serialized files (Serialized files now loaded: 0)
Unloading 14 unused Assets / (22.0 KB). Loaded Objects now: 3423.
Memory consumption went from 120.3 MB to 120.3 MB.
Total: 16.925903 ms (FindLiveObjects: 0.396620 ms CreateObjectMapping: 4.152110 ms MarkObjects: 12.185720 ms  DeleteObjects: 0.186758 ms)

AssetImportParameters requested are different than current active one (requested -> active):
  custom:video-decoder-ogg-theora: a1e56fd34408186e4bbccfd4996cb3dc -> 
  custom:container-muxer-webm: aa71ff27fc2769a1b78a27578f13a17b -> 
  custom:container-demuxer-webm: 4f35f7cbe854078d1ac9338744f61a02 -> 
  custom:video-encoder-webm-vp8: eb34c28f22e8b96e1ab97ce403110664 -> 
  custom:framework-osx-AVFoundation: e770b220cccbd017edd2c1fefb359320 -> 
  custom:CustomObjectIndexerAttribute: bc11b3a6c3213fcdd17b65e7da85e133 -> 
  custom:audio-encoder-webm-vorbis: bf7c407c2cedff20999df2af8eb42d56 -> 
  custom:container-demuxer-ogg: 62fdf1f143b41e24485cea50d1cbac27 -> 
  custom:video-decoder-webm-vp8: 9c59270c3fd7afecdb556c50c9e8de78 -> 
  custom:audio-decoder-ogg-vorbis: bf7c407c2cedff20999df2af8eb42d56 -> 
========================================================================
Received Prepare
Registering precompiled user dll's ...
Registered in 0.002851 seconds.
Begin MonoManager ReloadAssembly
Symbol file LoadedFromMemory doesn't match image /Users/Redouane/EIP/MusketeersBreakout/moves/Jeu/Library/PackageCache/com.unity.visualscripting@1.8.0/Editor/VisualScripting.Core/Dependencies/YamlDotNet/Unity.VisualScripting.YamlDotNet.dll
Symbol file LoadedFromMemory doesn't match image /Users/Redouane/EIP/MusketeersBreakout/moves/Jeu/Library/PackageCache/com.unity.visualscripting@1.8.0/Editor/VisualScripting.Core/Dependencies/DotNetZip/Unity.VisualScripting.IonicZip.dll
Native extension for OSXStandalone target not found
Refreshing native plugins compatible for Editor in 0.73 ms, found 2 plugins.
Preloading 0 native plugins for Editor in 0.00 ms.
Mono: successfully reloaded assembly
- Completed reload, in  1.774 seconds
Domain Reload Profiling:
	ReloadAssembly (1775ms)
		BeginReloadAssembly (230ms)
			ExecutionOrderSort (0ms)
			DisableScriptedObjects (10ms)
			BackupInstance (0ms)
			ReleaseScriptingObjects (0ms)
			CreateAndSetChildDomain (86ms)
		EndReloadAssembly (1382ms)
			LoadAssemblies (116ms)
			RebuildTransferFunctionScriptingTraits (0ms)
			SetupTypeCache (466ms)
			ReleaseScriptCaches (2ms)
			RebuildScriptCaches (76ms)
			SetupLoadedEditorAssemblies (591ms)
				LogAssemblyErrors (0ms)
				InitializePlatformSupportModulesInManaged (7ms)
				SetLoadedEditorAssemblies (1ms)
				RefreshPlugins (1ms)
				BeforeProcessingInitializeOnLoad (164ms)
				ProcessInitializeOnLoadAttributes (388ms)
				ProcessInitializeOnLoadMethodAttributes (28ms)
				AfterProcessingInitializeOnLoad (1ms)
				EditorAssembliesLoaded (0ms)
			ExecutionOrderSort2 (0ms)
			AwakeInstancesAfterBackupRestoration (6ms)
Platform modules already initialized, skipping
Refreshing native plugins compatible for Editor in 1.49 ms, found 2 plugins.
Preloading 0 native plugins for Editor in 0.00 ms.
Unloading 2924 Unused Serialized files (Serialized files now loaded: 0)
Unloading 14 unused Assets / (22.0 KB). Loaded Objects now: 3427.
Memory consumption went from 120.3 MB to 120.3 MB.
Total: 3.377061 ms (FindLiveObjects: 0.264275 ms CreateObjectMapping: 0.109647 ms MarkObjects: 2.975242 ms  DeleteObjects: 0.026750 ms)

AssetImportParameters requested are different than current active one (requested -> active):
  custom:video-decoder-ogg-theora: a1e56fd34408186e4bbccfd4996cb3dc -> 
  custom:container-muxer-webm: aa71ff27fc2769a1b78a27578f13a17b -> 
  custom:container-demuxer-webm: 4f35f7cbe854078d1ac9338744f61a02 -> 
  custom:video-encoder-webm-vp8: eb34c28f22e8b96e1ab97ce403110664 -> 
  custom:framework-osx-AVFoundation: e770b220cccbd017edd2c1fefb359320 -> 
  custom:CustomObjectIndexerAttribute: bc11b3a6c3213fcdd17b65e7da85e133 -> 
  custom:audio-encoder-webm-vorbis: bf7c407c2cedff20999df2af8eb42d56 -> 
  custom:container-demuxer-ogg: 62fdf1f143b41e24485cea50d1cbac27 -> 
  custom:video-decoder-webm-vp8: 9c59270c3fd7afecdb556c50c9e8de78 -> 
  custom:audio-decoder-ogg-vorbis: bf7c407c2cedff20999df2af8eb42d56 -> 
========================================================================
Received Import Request.
  Time since last request: 433.544812 seconds.
  path: Assets/BulletBow.prefab
  artifactKey: Guid(f7db313a410a34fcdb0c6a7059132f2a) Importer(815301076,1909f56bfc062723c751e8b465ee728b)
Start importing Assets/BulletBow.prefab using Guid(f7db313a410a34fcdb0c6a7059132f2a) Importer(815301076,1909f56bfc062723c751e8b465ee728b)  -> (artifact id: '0e4a12aef95c3be7f8b8f6456b65774d') in 0.227960 seconds 
========================================================================
Received Import Request.
  Time since last request: 113.898409 seconds.
  path: Assets/BulletBow.prefab
  artifactKey: Guid(f7db313a410a34fcdb0c6a7059132f2a) Importer(815301076,1909f56bfc062723c751e8b465ee728b)
Start importing Assets/BulletBow.prefab using Guid(f7db313a410a34fcdb0c6a7059132f2a) Importer(815301076,1909f56bfc062723c751e8b465ee728b)  -> (artifact id: 'b25821b1c3651c880e68ba7ca8d99609') in 0.013898 seconds 
========================================================================
Received Import Request.
  Time since last request: 24.833631 seconds.
  path: Assets/Bullet.cs
  artifactKey: Guid(8b1a7864da1904088af4d97297359f06) Importer(815301076,1909f56bfc062723c751e8b465ee728b)
Start importing Assets/Bullet.cs using Guid(8b1a7864da1904088af4d97297359f06) Importer(815301076,1909f56bfc062723c751e8b465ee728b)  -> (artifact id: '1bad1123b15e7b37f95ebc39fbf8dfbb') in 0.904129 seconds 
========================================================================
Received Import Request.
  Time since last request: 137.391069 seconds.
  path: Assets/BulletBow.prefab
  artifactKey: Guid(f7db313a410a34fcdb0c6a7059132f2a) Importer(815301076,1909f56bfc062723c751e8b465ee728b)
Start importing Assets/BulletBow.prefab using Guid(f7db313a410a34fcdb0c6a7059132f2a) Importer(815301076,1909f56bfc062723c751e8b465ee728b)  -> (artifact id: 'ce352b15d0bcbfa48eba8f37e242b7fc') in 0.011488 seconds 
========================================================================
Received Import Request.
  Time since last request: 226.809169 seconds.
  path: Assets/BulletBow.prefab
  artifactKey: Guid(f7db313a410a34fcdb0c6a7059132f2a) Importer(815301076,1909f56bfc062723c751e8b465ee728b)
Start importing Assets/BulletBow.prefab using Guid(f7db313a410a34fcdb0c6a7059132f2a) Importer(815301076,1909f56bfc062723c751e8b465ee728b)  -> (artifact id: '5e59211bf33e4278bbfb8d546eceaa60') in 0.012661 seconds 
========================================================================
Received Import Request.
  Time since last request: 24.948249 seconds.
  path: Assets/BulletBow.prefab
  artifactKey: Guid(f7db313a410a34fcdb0c6a7059132f2a) Importer(815301076,1909f56bfc062723c751e8b465ee728b)
Start importing Assets/BulletBow.prefab using Guid(f7db313a410a34fcdb0c6a7059132f2a) Importer(815301076,1909f56bfc062723c751e8b465ee728b)  -> (artifact id: '90c5341e1cdab07cafcf3249c8cdd874') in 0.014507 seconds 
========================================================================
Received Import Request.
  Time since last request: 3.897151 seconds.
  path: Assets/BulletBow.prefab
  artifactKey: Guid(f7db313a410a34fcdb0c6a7059132f2a) Importer(815301076,1909f56bfc062723c751e8b465ee728b)
Start importing Assets/BulletBow.prefab using Guid(f7db313a410a34fcdb0c6a7059132f2a) Importer(815301076,1909f56bfc062723c751e8b465ee728b)  -> (artifact id: '5df9ec48efb3be01ef3f445be4bdda75') in 0.064506 seconds 
========================================================================
Received Import Request.
  Time since last request: 3.910932 seconds.
  path: Assets/BulletBow.prefab
  artifactKey: Guid(f7db313a410a34fcdb0c6a7059132f2a) Importer(815301076,1909f56bfc062723c751e8b465ee728b)
Start importing Assets/BulletBow.prefab using Guid(f7db313a410a34fcdb0c6a7059132f2a) Importer(815301076,1909f56bfc062723c751e8b465ee728b)  -> (artifact id: '491795b0208f6e92cc3c57435aac0c45') in 0.014578 seconds 
========================================================================
Received Import Request.
  Time since last request: 73.289936 seconds.
  path: Assets/Bullet(Clone).prefab
  artifactKey: Guid(8048cba0da1314e1fb1ad7631778f05a) Importer(815301076,1909f56bfc062723c751e8b465ee728b)
Start importing Assets/Bullet(Clone).prefab using Guid(8048cba0da1314e1fb1ad7631778f05a) Importer(815301076,1909f56bfc062723c751e8b465ee728b)  -> (artifact id: 'c53805631f4073c44eb374fdfaff3140') in 0.022528 seconds 
========================================================================
Received Import Request.
  Time since last request: 15.262793 seconds.
  path: Assets/BulletBow.prefab
  artifactKey: Guid(8048cba0da1314e1fb1ad7631778f05a) Importer(815301076,1909f56bfc062723c751e8b465ee728b)
Start importing Assets/BulletBow.prefab using Guid(8048cba0da1314e1fb1ad7631778f05a) Importer(815301076,1909f56bfc062723c751e8b465ee728b)  -> (artifact id: '13922ed3fdfd95b5d04d5123591b7164') in 0.013599 seconds 
========================================================================
Received Import Request.
  Time since last request: 8.785961 seconds.
  path: Assets/BulletBow.prefab
  artifactKey: Guid(8048cba0da1314e1fb1ad7631778f05a) Importer(815301076,1909f56bfc062723c751e8b465ee728b)
Start importing Assets/BulletBow.prefab using Guid(8048cba0da1314e1fb1ad7631778f05a) Importer(815301076,1909f56bfc062723c751e8b465ee728b)  -> (artifact id: 'c7d63400261383b532b6e3fa90bf567f') in 0.012629 seconds 
========================================================================
Received Import Request.
  Time since last request: 4.375536 seconds.
  path: Assets/BulletBow.prefab
  artifactKey: Guid(8048cba0da1314e1fb1ad7631778f05a) Importer(815301076,1909f56bfc062723c751e8b465ee728b)
Start importing Assets/BulletBow.prefab using Guid(8048cba0da1314e1fb1ad7631778f05a) Importer(815301076,1909f56bfc062723c751e8b465ee728b)  -> (artifact id: 'f506a4576c88907eabf80730f8384e84') in 0.012139 seconds 
========================================================================
Received Import Request.
  Time since last request: 8.941175 seconds.
  path: Assets/BulletBow.prefab
  artifactKey: Guid(8048cba0da1314e1fb1ad7631778f05a) Importer(815301076,1909f56bfc062723c751e8b465ee728b)
Start importing Assets/BulletBow.prefab using Guid(8048cba0da1314e1fb1ad7631778f05a) Importer(815301076,1909f56bfc062723c751e8b465ee728b)  -> (artifact id: 'dbc117e7a3f99ba399c521c1d50b2679') in 0.013156 seconds 
========================================================================
Received Import Request.
  Time since last request: 18.889300 seconds.
  path: Assets/BulletBow.prefab
  artifactKey: Guid(8048cba0da1314e1fb1ad7631778f05a) Importer(815301076,1909f56bfc062723c751e8b465ee728b)
Start importing Assets/BulletBow.prefab using Guid(8048cba0da1314e1fb1ad7631778f05a) Importer(815301076,1909f56bfc062723c751e8b465ee728b)  -> (artifact id: '15f420d1d1923d2a870a3045cd85ee57') in 0.010364 seconds 
========================================================================
Received Import Request.
  Time since last request: 5.346313 seconds.
  path: Assets/BulletBow.prefab
  artifactKey: Guid(8048cba0da1314e1fb1ad7631778f05a) Importer(815301076,1909f56bfc062723c751e8b465ee728b)
Start importing Assets/BulletBow.prefab using Guid(8048cba0da1314e1fb1ad7631778f05a) Importer(815301076,1909f56bfc062723c751e8b465ee728b)  -> (artifact id: '0affd4a550a4c5a9f0f1f2e98caa9e27') in 0.012816 seconds 
